1 0 9587
1 1 150851
1 2 6599
1 3 287
1 4 160
1 5 55
1 6 35
1 7 47
1 8 54
1 9 270
1 10 1727
1 11 2559
1 12 1041
1 13 936
1 14 627
1 15 477
1 16 415
1 17 392
1 18 320
1 19 533
1 20 1807
1 21 2676
1 22 1518
1 23 1140
1 24 780
1 25 644
1 26 495
1 27 427
1 28 357
1 29 293
1 30 274
1 31 281
1 32 109
1 33 73
1 34 66
1 35 34
1 36 39
1 37 34
1 38 32
1 39 77
1 40 183
1 41 254
1 42 178
1 43 117
1 44 71
1 45 63
1 46 51
1 47 40
1 48 30
1 49 53
1 50 71
1 51 82
1 52 71
1 53 46
1 54 22
1 55 18
1 56 17
1 57 22
1 58 17
1 59 3
1 60 8
1 61 4
1 62 2
1 64 2
1 66 1
1 67 2
1 71 4
1 72 3
1 74 1
1 75 1
1 77 1
1 179 1
1 185 1
1 89 1
1 91 1
1 93 1
1 98 1
1 104 1
1 111 1
1 113 1
1 221 1
1 116 1
1 137 1
2 0 1826
2 1 85796
2 2 8758
2 3 696
2 4 420
2 5 96
2 6 33
2 7 28
2 8 38
2 9 159
2 10 997
2 11 1567
2 12 601
2 13 554
2 14 402
2 15 288
2 16 261
2 17 223
2 18 174
2 19 325
2 20 1031
2 21 1546
2 22 903
2 23 734
2 24 444
2 25 390
2 26 280
2 27 249
2 28 215
2 29 183
2 30 157
2 31 171
2 32 77
2 33 48
2 34 35
2 155 1
2 36 23
2 37 18
2 38 13
2 39 36
2 40 93
2 41 145
2 42 89
2 43 75
2 44 41
2 45 38
2 46 32
2 47 28
2 48 16
2 49 29
2 50 43
2 51 49
2 52 46
2 53 24
2 54 14
2 55 7
2 56 12
2 57 11
2 58 10
2 59 2
2 60 2
2 61 4
2 62 1
2 191 1
2 66 1
2 71 1
2 72 2
2 73 1
2 75 1
2 179 1
2 35 20
2 213 1
2 89 1
2 90 1
2 91 1
2 93 2
2 98 1
2 171 1
2 235 1
2 239 1
2 112 1
2 221 1
2 137 1
3 0 275
3 1 44831
3 2 9144
3 3 1859
3 4 1073
3 5 217
3 6 35
3 7 28
3 8 25
3 9 95
3 10 564
3 11 1015
3 12 400
3 13 350
3 14 271
3 15 184
3 16 172
3 17 142
3 18 101
3 19 188
3 20 613
3 21 949
3 22 581
3 23 470
3 24 276
3 25 252
3 26 178
3 27 147
3 28 149
3 29 126
3 30 98
3 31 115
3 32 53
3 33 33
3 34 20
3 35 10
3 36 11
3 37 10
3 38 5
3 39 20
3 40 55
3 41 87
3 42 59
3 43 41
3 44 21
3 45 33
3 46 20
3 47 18
3 48 10
3 49 20
3 50 23
3 51 33
3 52 34
3 53 13
3 54 6
3 55 6
3 56 7
3 57 8
3 58 6
3 60 2
3 61 3
3 66 1
3 71 1
3 72 2
3 73 1
3 98 1
3 180 1
3 204 1
3 206 1
3 209 2
3 212 1
3 213 1
3 228 1
3 230 1
3 231 1
3 232 1
3 235 1
3 236 1
3 237 2
3 238 2
3 239 1
3 240 2
3 241 4
3 242 1
3 243 1
3 244 1
4 0 13
4 1 12459
4 2 4488
4 3 1600
4 4 577
4 5 219
4 6 30
4 7 14
4 8 10
4 9 52
4 10 177
4 11 326
4 12 166
4 13 113
4 14 98
4 15 73
4 16 51
4 17 48
4 18 34
4 19 76
4 20 176
4 21 283
4 22 221
4 23 174
4 24 101
4 25 75
4 26 74
4 27 46
4 28 47
4 29 43
4 30 36
4 31 39
4 32 31
4 33 13
4 34 9
4 35 9
4 36 4
4 37 7
4 38 2
4 39 6
4 40 15
4 41 29
4 42 18
4 43 21
4 44 7
4 45 13
4 46 7
4 47 6
4 48 9
4 49 4
4 50 8
4 51 10
4 52 9
4 53 6
4 54 1
4 55 2
4 56 2
4 57 4
4 58 2
4 59 1
4 60 2
4 61 1
4 181 1
4 66 1
4 72 1
4 73 1
4 206 1
4 210 1
4 212 1
4 225 1
4 98 1
4 231 1
4 234 1
4 240 1
4 241 1
4 244 2
5 1 780
5 2 765
5 3 1399
5 4 789
5 5 328
5 6 54
5 7 33
5 8 31
5 9 40
5 10 58
5 11 92
5 12 53
5 13 61
5 14 50
5 15 32
5 16 26
5 17 21
5 18 24
5 19 36
5 20 49
5 21 87
5 22 75
5 23 63
5 24 56
5 25 45
5 26 32
5 27 27
5 28 32
5 29 21
5 30 25
5 31 21
5 32 16
5 33 8
5 34 8
5 35 4
5 36 1
5 37 4
5 38 1
5 39 4
5 40 3
5 41 7
5 42 3
5 43 6
5 44 2
5 45 4
5 46 4
5 47 6
5 48 4
5 49 6
5 50 7
5 51 5
5 52 2
5 53 3
5 54 2
5 55 2
5 56 1
5 58 1
5 59 2
5 60 7
5 61 4
5 62 4
5 65 1
5 66 1
5 70 1
5 72 2
5 74 1
5 78 3
5 79 2
5 82 2
5 85 1
5 87 2
5 88 1
5 89 2
5 90 1
5 91 2
5 92 2
5 93 2
5 94 1
5 98 1
5 100 1
5 102 1
5 106 1
5 167 1
5 182 1
5 205 1
5 206 1
5 215 2
5 242 1
5 262 1
5 331 1
